Determining if the pthread_create exist failed with the following output:
Change Dir: /home/krer/ros-testing/catkin_ws/build/CMakeFiles/CMakeTmp

Run Build Command:"/usr/bin/make" "cmTC_7933e/fast"
/usr/bin/make -f CMakeFiles/cmTC_7933e.dir/build.make CMakeFiles/cmTC_7933e.dir/build
make[1]: Entering directory '/home/krer/ros-testing/catkin_ws/build/CMakeFiles/CMakeTmp'
Building C object CMakeFiles/cmTC_7933e.dir/CheckSymbolExists.c.o
/usr/bin/cc    -o CMakeFiles/cmTC_7933e.dir/CheckSymbolExists.c.o   -c /home/krer/ros-testing/catkin_ws/build/CMakeFiles/CMakeTmp/CheckSymbolExists.c
Linking C executable cmTC_7933e
/usr/bin/cmake -E cmake_link_script CMakeFiles/cmTC_7933e.dir/link.txt --verbose=1
/usr/bin/cc      -rdynamic CMakeFiles/cmTC_7933e.dir/CheckSymbolExists.c.o  -o cmTC_7933e 
CMakeFiles/cmTC_7933e.dir/CheckSymbolExists.c.o: In function `main':
CheckSymbolExists.c:(.text+0x1b): undefined reference to `pthread_create'
collect2: error: ld returned 1 exit status
CMakeFiles/cmTC_7933e.dir/build.make:97: recipe for target 'cmTC_7933e' failed
make[1]: *** [cmTC_7933e] Error 1
make[1]: Leaving directory '/home/krer/ros-testing/catkin_ws/build/CMakeFiles/CMakeTmp'
Makefile:126: recipe for target 'cmTC_7933e/fast' failed
make: *** [cmTC_7933e/fast] Error 2

File /home/krer/ros-testing/catkin_ws/build/CMakeFiles/CMakeTmp/CheckSymbolExists.c:
/* */
#include <pthread.h>

int main(int argc, char** argv)
{
  (void)argv;
#ifndef pthread_create
  return ((int*)(&pthread_create))[argc];
#else
  (void)argc;
  return 0;
#endif
}

Determining if the function pthread_create exists in the pthreads failed with the following output:
Change Dir: /home/krer/ros-testing/catkin_ws/build/CMakeFiles/CMakeTmp

Run Build Command:"/usr/bin/make" "cmTC_fb28a/fast"
/usr/bin/make -f CMakeFiles/cmTC_fb28a.dir/build.make CMakeFiles/cmTC_fb28a.dir/build
make[1]: Entering directory '/home/krer/ros-testing/catkin_ws/build/CMakeFiles/CMakeTmp'
Building C object CMakeFiles/cmTC_fb28a.dir/CheckFunctionExists.c.o
/usr/bin/cc   -DCHECK_FUNCTION_EXISTS=pthread_create   -o CMakeFiles/cmTC_fb28a.dir/CheckFunctionExists.c.o   -c /usr/share/cmake-3.10/Modules/CheckFunctionExists.c
Linking C executable cmTC_fb28a
/usr/bin/cmake -E cmake_link_script CMakeFiles/cmTC_fb28a.dir/link.txt --verbose=1
/usr/bin/cc  -DCHECK_FUNCTION_EXISTS=pthread_create    -rdynamic CMakeFiles/cmTC_fb28a.dir/CheckFunctionExists.c.o  -o cmTC_fb28a -lpthreads 
/usr/bin/ld: cannot find -lpthreads
collect2: error: ld returned 1 exit status
CMakeFiles/cmTC_fb28a.dir/build.make:97: recipe for target 'cmTC_fb28a' failed
make[1]: *** [cmTC_fb28a] Error 1
make[1]: Leaving directory '/home/krer/ros-testing/catkin_ws/build/CMakeFiles/CMakeTmp'
Makefile:126: recipe for target 'cmTC_fb28a/fast' failed
make: *** [cmTC_fb28a/fast] Error 2


